<?xml version="1.0" encoding="utf-8"?><testsuites><testsuite errors="0" failures="0" hostname="nano" name="pytest" skipped="0" tests="4" time="43.529" timestamp="2025-03-25T11:49:36.650078"><testcase classname="cv_bridge.cv_bridge.test.conversions.TestConversions" name="test_encode_decode_cv2" time="23.192"></testcase><testcase classname="cv_bridge.cv_bridge.test.conversions.TestConversions" name="test_encode_decode_cv2_compressed" time="18.720"></testcase><testcase classname="cv_bridge.cv_bridge.test.conversions.TestConversions" name="test_endianness" time="0.004"></testcase><testcase classname="cv_bridge.cv_bridge.test.conversions.TestConversions" name="test_mono16_cv2" time="0.027"></testcase></testsuite></testsuites>