Start testing: Mar 25 11:49 CET
----------------------------------------------------------
1/4 Testing: cv_bridge-utest
1/4 Test: cv_bridge-utest
Command: "/usr/bin/python3" "-u" "/opt/ros/foxy/share/ament_cmake_test/cmake/run_test.py" "/home/jetson/code/cv_bridge_ws/build/cv_bridge/test_results/cv_bridge/cv_bridge-utest.gtest.xml" "--package-name" "cv_bridge" "--output-file" "/home/jetson/code/cv_bridge_ws/build/cv_bridge/ament_cmake_gtest/cv_bridge-utest.txt" "--append-env" "LD_LIBRARY_PATH=/home/jetson/code/cv_bridge_ws/build/cv_bridge/src" "--command" "/home/jetson/code/cv_bridge_ws/build/cv_bridge/test/cv_bridge-utest" "--gtest_output=xml:/home/jetson/code/cv_bridge_ws/build/cv_bridge/test_results/cv_bridge/cv_bridge-utest.gtest.xml"
Directory: /home/jetson/code/cv_bridge_ws/build/cv_bridge/test
"cv_bridge-utest" start time: Mar 25 11:49 CET
Output:
----------------------------------------------------------
-- run_test.py: extra environment variables to append:
 - LD_LIBRARY_PATH+=/home/jetson/code/cv_bridge_ws/build/cv_bridge/src
-- run_test.py: invoking following command in '/home/jetson/code/cv_bridge_ws/build/cv_bridge/test':
 - /home/jetson/code/cv_bridge_ws/build/cv_bridge/test/cv_bridge-utest --gtest_output=xml:/home/jetson/code/cv_bridge_ws/build/cv_bridge/test_results/cv_bridge/cv_bridge-utest.gtest.xml
[==========] Running 9 tests from 3 test cases.
[----------] Global test environment set-up.
[----------] 7 tests from CvBridgeTest
[ RUN      ] CvBridgeTest.endianness
[       OK ] CvBridgeTest.endianness (2 ms)
[ RUN      ] CvBridgeTest.compression
[       OK ] CvBridgeTest.compression (2 ms)
[ RUN      ] CvBridgeTest.NonContinuous
[       OK ] CvBridgeTest.NonContinuous (0 ms)
[ RUN      ] CvBridgeTest.ChannelOrder
[       OK ] CvBridgeTest.ChannelOrder (1 ms)
[ RUN      ] CvBridgeTest.initialization
[       OK ] CvBridgeTest.initialization (52 ms)
[ RUN      ] CvBridgeTest.imageMessageStep
[       OK ] CvBridgeTest.imageMessageStep (0 ms)
[ RUN      ] CvBridgeTest.imageMessageConversion
[       OK ] CvBridgeTest.imageMessageConversion (12 ms)
[----------] 7 tests from CvBridgeTest (87 ms total)

[----------] 1 test from OpencvTests
[ RUN      ] OpencvTests.testCase_encode_decode
[       OK ] OpencvTests.testCase_encode_decode (4202 ms)
[----------] 1 test from OpencvTests (4205 ms total)

[----------] 1 test from RGBColors
[ RUN      ] RGBColors.testGetRGBColor
[       OK ] RGBColors.testGetRGBColor (0 ms)
[----------] 1 test from RGBColors (0 ms total)

[----------] Global test environment tear-down
[==========] 9 tests from 3 test cases ran. (4293 ms total)
[  PASSED  ] 9 tests.
-- run_test.py: return code 0
-- run_test.py: inject classname prefix into gtest result file '/home/jetson/code/cv_bridge_ws/build/cv_bridge/test_results/cv_bridge/cv_bridge-utest.gtest.xml'
-- run_test.py: verify result file '/home/jetson/code/cv_bridge_ws/build/cv_bridge/test_results/cv_bridge/cv_bridge-utest.gtest.xml'
<end of output>
Test time =   5.02 sec
----------------------------------------------------------
Test Passed.
"cv_bridge-utest" end time: Mar 25 11:49 CET
"cv_bridge-utest" time elapsed: 00:00:05
----------------------------------------------------------

2/4 Testing: enumerants.py
2/4 Test: enumerants.py
Command: "/usr/bin/python3" "-u" "/opt/ros/foxy/share/ament_cmake_test/cmake/run_test.py" "/home/jetson/code/cv_bridge_ws/build/cv_bridge/test_results/cv_bridge/enumerants.py.xunit.xml" "--package-name" "cv_bridge" "--output-file" "/home/jetson/code/cv_bridge_ws/build/cv_bridge/ament_cmake_pytest/enumerants.py.txt" "--command" "/usr/bin/python3" "-u" "-m" "pytest" "/home/jetson/code/cv_bridge_ws/src/vision_opencv/cv_bridge/test/enumerants.py" "-o" "cache_dir=/home/jetson/code/cv_bridge_ws/build/cv_bridge/test/ament_cmake_pytest/enumerants.py/.cache" "--junit-xml=/home/jetson/code/cv_bridge_ws/build/cv_bridge/test_results/cv_bridge/enumerants.py.xunit.xml" "--junit-prefix=cv_bridge"
Directory: /home/jetson/code/cv_bridge_ws/build/cv_bridge/test
"enumerants.py" start time: Mar 25 11:49 CET
Output:
----------------------------------------------------------
-- run_test.py: invoking following command in '/home/jetson/code/cv_bridge_ws/build/cv_bridge/test':
 - /usr/bin/python3 -u -m pytest /home/jetson/code/cv_bridge_ws/src/vision_opencv/cv_bridge/test/enumerants.py -o cache_dir=/home/jetson/code/cv_bridge_ws/build/cv_bridge/test/ament_cmake_pytest/enumerants.py/.cache --junit-xml=/home/jetson/code/cv_bridge_ws/build/cv_bridge/test_results/cv_bridge/enumerants.py.xunit.xml --junit-prefix=cv_bridge
============================= test session starts ==============================
platform linux -- Python 3.8.10, pytest-4.6.9, py-1.8.1, pluggy-0.13.0
cachedir: /home/jetson/code/cv_bridge_ws/build/cv_bridge/test/ament_cmake_pytest/enumerants.py/.cache
rootdir: /home/jetson/code/cv_bridge_ws/src/vision_opencv, inifile: pytest.ini
plugins: launch-testing-0.10.10, ament-pep257-0.9.8, ament-lint-0.9.8, ament-flake8-0.9.8, ament-xmllint-0.9.8, launch-testing-ros-0.11.7, ament-copyright-0.9.8, colcon-core-0.18.4, cov-2.8.1
collected 2 items

../../../src/vision_opencv/cv_bridge/test/enumerants.py ..               [100%]

- generated xml file: /home/jetson/code/cv_bridge_ws/build/cv_bridge/test_results/cv_bridge/enumerants.py.xunit.xml -
=========================== 2 passed in 6.67 seconds ===========================
-- run_test.py: return code 0
-- run_test.py: verify result file '/home/jetson/code/cv_bridge_ws/build/cv_bridge/test_results/cv_bridge/enumerants.py.xunit.xml'
<end of output>
Test time =  15.68 sec
----------------------------------------------------------
Test Passed.
"enumerants.py" end time: Mar 25 11:49 CET
"enumerants.py" time elapsed: 00:00:15
----------------------------------------------------------

3/4 Testing: conversions.py
3/4 Test: conversions.py
Command: "/usr/bin/python3" "-u" "/opt/ros/foxy/share/ament_cmake_test/cmake/run_test.py" "/home/jetson/code/cv_bridge_ws/build/cv_bridge/test_results/cv_bridge/conversions.py.xunit.xml" "--package-name" "cv_bridge" "--output-file" "/home/jetson/code/cv_bridge_ws/build/cv_bridge/ament_cmake_pytest/conversions.py.txt" "--command" "/usr/bin/python3" "-u" "-m" "pytest" "/home/jetson/code/cv_bridge_ws/src/vision_opencv/cv_bridge/test/conversions.py" "-o" "cache_dir=/home/jetson/code/cv_bridge_ws/build/cv_bridge/test/ament_cmake_pytest/conversions.py/.cache" "--junit-xml=/home/jetson/code/cv_bridge_ws/build/cv_bridge/test_results/cv_bridge/conversions.py.xunit.xml" "--junit-prefix=cv_bridge"
Directory: /home/jetson/code/cv_bridge_ws/build/cv_bridge/test
"conversions.py" start time: Mar 25 11:49 CET
Output:
----------------------------------------------------------
-- run_test.py: invoking following command in '/home/jetson/code/cv_bridge_ws/build/cv_bridge/test':
 - /usr/bin/python3 -u -m pytest /home/jetson/code/cv_bridge_ws/src/vision_opencv/cv_bridge/test/conversions.py -o cache_dir=/home/jetson/code/cv_bridge_ws/build/cv_bridge/test/ament_cmake_pytest/conversions.py/.cache --junit-xml=/home/jetson/code/cv_bridge_ws/build/cv_bridge/test_results/cv_bridge/conversions.py.xunit.xml --junit-prefix=cv_bridge
============================= test session starts ==============================
platform linux -- Python 3.8.10, pytest-4.6.9, py-1.8.1, pluggy-0.13.0
cachedir: /home/jetson/code/cv_bridge_ws/build/cv_bridge/test/ament_cmake_pytest/conversions.py/.cache
rootdir: /home/jetson/code/cv_bridge_ws/src/vision_opencv, inifile: pytest.ini
plugins: launch-testing-0.10.10, ament-pep257-0.9.8, ament-lint-0.9.8, ament-flake8-0.9.8, ament-xmllint-0.9.8, launch-testing-ros-0.11.7, ament-copyright-0.9.8, colcon-core-0.18.4, cov-2.8.1
collected 4 items

../../../src/vision_opencv/cv_bridge/test/conversions.py ....            [100%]

- generated xml file: /home/jetson/code/cv_bridge_ws/build/cv_bridge/test_results/cv_bridge/conversions.py.xunit.xml -
========================== 4 passed in 43.52 seconds ===========================
-- run_test.py: return code 0
-- run_test.py: verify result file '/home/jetson/code/cv_bridge_ws/build/cv_bridge/test_results/cv_bridge/conversions.py.xunit.xml'
<end of output>
Test time =  47.70 sec
----------------------------------------------------------
Test Passed.
"conversions.py" end time: Mar 25 11:50 CET
"conversions.py" time elapsed: 00:00:47
----------------------------------------------------------

4/4 Testing: python_bindings.py
4/4 Test: python_bindings.py
Command: "/usr/bin/python3" "-u" "/opt/ros/foxy/share/ament_cmake_test/cmake/run_test.py" "/home/jetson/code/cv_bridge_ws/build/cv_bridge/test_results/cv_bridge/python_bindings.py.xunit.xml" "--package-name" "cv_bridge" "--output-file" "/home/jetson/code/cv_bridge_ws/build/cv_bridge/ament_cmake_pytest/python_bindings.py.txt" "--command" "/usr/bin/python3" "-u" "-m" "pytest" "/home/jetson/code/cv_bridge_ws/src/vision_opencv/cv_bridge/test/python_bindings.py" "-o" "cache_dir=/home/jetson/code/cv_bridge_ws/build/cv_bridge/test/ament_cmake_pytest/python_bindings.py/.cache" "--junit-xml=/home/jetson/code/cv_bridge_ws/build/cv_bridge/test_results/cv_bridge/python_bindings.py.xunit.xml" "--junit-prefix=cv_bridge"
Directory: /home/jetson/code/cv_bridge_ws/build/cv_bridge/test
"python_bindings.py" start time: Mar 25 11:50 CET
Output:
----------------------------------------------------------
-- run_test.py: invoking following command in '/home/jetson/code/cv_bridge_ws/build/cv_bridge/test':
 - /usr/bin/python3 -u -m pytest /home/jetson/code/cv_bridge_ws/src/vision_opencv/cv_bridge/test/python_bindings.py -o cache_dir=/home/jetson/code/cv_bridge_ws/build/cv_bridge/test/ament_cmake_pytest/python_bindings.py/.cache --junit-xml=/home/jetson/code/cv_bridge_ws/build/cv_bridge/test_results/cv_bridge/python_bindings.py.xunit.xml --junit-prefix=cv_bridge
============================= test session starts ==============================
platform linux -- Python 3.8.10, pytest-4.6.9, py-1.8.1, pluggy-0.13.0
cachedir: /home/jetson/code/cv_bridge_ws/build/cv_bridge/test/ament_cmake_pytest/python_bindings.py/.cache
rootdir: /home/jetson/code/cv_bridge_ws/src/vision_opencv, inifile: pytest.ini
plugins: launch-testing-0.10.10, ament-pep257-0.9.8, ament-lint-0.9.8, ament-flake8-0.9.8, ament-xmllint-0.9.8, launch-testing-ros-0.11.7, ament-copyright-0.9.8, colcon-core-0.18.4, cov-2.8.1
collected 1 item

../../../src/vision_opencv/cv_bridge/test/python_bindings.py .           [100%]

- generated xml file: /home/jetson/code/cv_bridge_ws/build/cv_bridge/test_results/cv_bridge/python_bindings.py.xunit.xml -
=========================== 1 passed in 1.86 seconds ===========================
-- run_test.py: return code 0
-- run_test.py: verify result file '/home/jetson/code/cv_bridge_ws/build/cv_bridge/test_results/cv_bridge/python_bindings.py.xunit.xml'
<end of output>
Test time =   7.75 sec
----------------------------------------------------------
Test Passed.
"python_bindings.py" end time: Mar 25 11:50 CET
"python_bindings.py" time elapsed: 00:00:07
----------------------------------------------------------

End testing: Mar 25 11:50 CET

gtest =   5.02 sec*proc

pytest =  71.14 sec*proc

