<?xml version="1.0" encoding="UTF-8"?>
<Site BuildName="(empty)"
	BuildStamp="20250325-1049-Experimental"
	Name="nano"
	Generator="ctest-3.16.3"
	CompilerName="/usr/bin/c++"
	CompilerVersion="8.4.0"
	OSName="Linux"
	Hostname="nano"
	OSRelease="4.9.253-tegra"
	OSVersion="#1 SMP PREEMPT Mon Jul 26 12:13:06 PDT 2021"
	OSPlatform="aarch64"
	Is64Bits="1"
	VendorString=""
	VendorID="Unknown Manufacturer"
	FamilyID="8"
	ModelID="0"
	ProcessorCacheSize="0"
	NumberOfLogicalCPU="4"
	NumberOfPhysicalCPU="1"
	TotalVirtualMemory="1982"
	TotalPhysicalMemory="3964"
	LogicalProcessorsPerPhysical="4"
	ProcessorClockFrequency="0"
	>
	<Testing>
		<StartDateTime>Mar 25 11:49 CET</StartDateTime>
		<StartTestTime>1742899753</StartTestTime>
		<TestList>
			<Test>./test/image_geometry-utest</Test>
			<Test>./test/image_geometry-utest-equi</Test>
		</TestList>
		<Test Status="passed">
			<Name>image_geometry-utest</Name>
			<Path>./test</Path>
			<FullName>./test/image_geometry-utest</FullName>
			<FullCommandLine>/usr/bin/python3 "-u" "/opt/ros/foxy/share/ament_cmake_test/cmake/run_test.py" "/home/jetson/code/cv_bridge_ws/build/image_geometry/test_results/image_geometry/image_geometry-utest.gtest.xml" "--package-name" "image_geometry" "--output-file" "/home/jetson/code/cv_bridge_ws/build/image_geometry/ament_cmake_gtest/image_geometry-utest.txt" "--append-env" "LD_LIBRARY_PATH=/home/jetson/code/cv_bridge_ws/build/image_geometry" "--command" "/home/jetson/code/cv_bridge_ws/build/image_geometry/test/image_geometry-utest" "--gtest_output=xml:/home/jetson/code/cv_bridge_ws/build/image_geometry/test_results/image_geometry/image_geometry-utest.gtest.xml"</FullCommandLine>
			<Results>
				<NamedMeasurement type="numeric/double" name="Execution Time">
					<Value>28.029</Value>
				</NamedMeasurement>
				<NamedMeasurement type="numeric/double" name="Processors">
					<Value>1</Value>
				</NamedMeasurement>
				<NamedMeasurement type="text/string" name="Completion Status">
					<Value>Completed</Value>
				</NamedMeasurement>
				<NamedMeasurement type="text/string" name="Command Line">
					<Value>/usr/bin/python3 "-u" "/opt/ros/foxy/share/ament_cmake_test/cmake/run_test.py" "/home/jetson/code/cv_bridge_ws/build/image_geometry/test_results/image_geometry/image_geometry-utest.gtest.xml" "--package-name" "image_geometry" "--output-file" "/home/jetson/code/cv_bridge_ws/build/image_geometry/ament_cmake_gtest/image_geometry-utest.txt" "--append-env" "LD_LIBRARY_PATH=/home/jetson/code/cv_bridge_ws/build/image_geometry" "--command" "/home/jetson/code/cv_bridge_ws/build/image_geometry/test/image_geometry-utest" "--gtest_output=xml:/home/jetson/code/cv_bridge_ws/build/image_geometry/test_results/image_geometry/image_geometry-utest.gtest.xml"</Value>
				</NamedMeasurement>
				<Measurement>
					<Value>-- run_test.py: extra environment variables to append:
 - LD_LIBRARY_PATH+=/home/jetson/code/cv_bridge_ws/build/image_geometry
-- run_test.py: invoking following command in '/home/jetson/code/cv_bridge_ws/build/image_geometry/test':
 - /home/jetson/code/cv_bridge_ws/build/image_geometry/test/image_geometry-utest --gtest_output=xml:/home/jetson/code/cv_bridge_ws/build/image_geometry/test_results/image_geometry/image_geometry-utest.gtest.xml
[==========] Running 12 tests from 1 test case.
[----------] Global test environment set-up.
[----------] 12 tests from PinholeTest
[ RUN      ] PinholeTest.accessorsCorrect
[       OK ] PinholeTest.accessorsCorrect (0 ms)
[ RUN      ] PinholeTest.projectPoint
[       OK ] PinholeTest.projectPoint (2 ms)
[ RUN      ] PinholeTest.rectifyPoint
[       OK ] PinholeTest.rectifyPoint (516 ms)
[ RUN      ] PinholeTest.getDeltas
[       OK ] PinholeTest.getDeltas (0 ms)
[ RUN      ] PinholeTest.initialization
[       OK ] PinholeTest.initialization (0 ms)
[ RUN      ] PinholeTest.rectifyIfCalibrated
[       OK ] PinholeTest.rectifyIfCalibrated (85 ms)
[ RUN      ] PinholeTest.unrectifyImage
[       OK ] PinholeTest.unrectifyImage (13810 ms)
[ RUN      ] PinholeTest.unrectifyImageWithBinning
[       OK ] PinholeTest.unrectifyImageWithBinning (4332 ms)
[ RUN      ] PinholeTest.unrectifyImageWithRoi
[       OK ] PinholeTest.unrectifyImageWithRoi (6044 ms)
[ RUN      ] PinholeTest.unrectifyImageWithBinningAndRoi
[       OK ] PinholeTest.unrectifyImageWithBinningAndRoi (2426 ms)
[ RUN      ] PinholeTest.rectifiedRoiSize
[       OK ] PinholeTest.rectifiedRoiSize (0 ms)
[ RUN      ] PinholeTest.rectifiedRoiCaching
[       OK ] PinholeTest.rectifiedRoiCaching (0 ms)
[----------] 12 tests from PinholeTest (27251 ms total)

[----------] Global test environment tear-down
[==========] 12 tests from 1 test case ran. (27251 ms total)
[  PASSED  ] 12 tests.
-- run_test.py: return code 0
-- run_test.py: inject classname prefix into gtest result file '/home/jetson/code/cv_bridge_ws/build/image_geometry/test_results/image_geometry/image_geometry-utest.gtest.xml'
-- run_test.py: verify result file '/home/jetson/code/cv_bridge_ws/build/image_geometry/test_results/image_geometry/image_geometry-utest.gtest.xml'
</Value>
				</Measurement>
			</Results>
			<Labels>
				<Label>gtest</Label>
			</Labels>
		</Test>
		<Test Status="passed">
			<Name>image_geometry-utest-equi</Name>
			<Path>./test</Path>
			<FullName>./test/image_geometry-utest-equi</FullName>
			<FullCommandLine>/usr/bin/python3 "-u" "/opt/ros/foxy/share/ament_cmake_test/cmake/run_test.py" "/home/jetson/code/cv_bridge_ws/build/image_geometry/test_results/image_geometry/image_geometry-utest-equi.gtest.xml" "--package-name" "image_geometry" "--output-file" "/home/jetson/code/cv_bridge_ws/build/image_geometry/ament_cmake_gtest/image_geometry-utest-equi.txt" "--append-env" "LD_LIBRARY_PATH=/home/jetson/code/cv_bridge_ws/build/image_geometry" "--command" "/home/jetson/code/cv_bridge_ws/build/image_geometry/test/image_geometry-utest-equi" "--gtest_output=xml:/home/jetson/code/cv_bridge_ws/build/image_geometry/test_results/image_geometry/image_geometry-utest-equi.gtest.xml"</FullCommandLine>
			<Results>
				<NamedMeasurement type="numeric/double" name="Execution Time">
					<Value>2.149</Value>
				</NamedMeasurement>
				<NamedMeasurement type="numeric/double" name="Processors">
					<Value>1</Value>
				</NamedMeasurement>
				<NamedMeasurement type="text/string" name="Completion Status">
					<Value>Completed</Value>
				</NamedMeasurement>
				<NamedMeasurement type="text/string" name="Command Line">
					<Value>/usr/bin/python3 "-u" "/opt/ros/foxy/share/ament_cmake_test/cmake/run_test.py" "/home/jetson/code/cv_bridge_ws/build/image_geometry/test_results/image_geometry/image_geometry-utest-equi.gtest.xml" "--package-name" "image_geometry" "--output-file" "/home/jetson/code/cv_bridge_ws/build/image_geometry/ament_cmake_gtest/image_geometry-utest-equi.txt" "--append-env" "LD_LIBRARY_PATH=/home/jetson/code/cv_bridge_ws/build/image_geometry" "--command" "/home/jetson/code/cv_bridge_ws/build/image_geometry/test/image_geometry-utest-equi" "--gtest_output=xml:/home/jetson/code/cv_bridge_ws/build/image_geometry/test_results/image_geometry/image_geometry-utest-equi.gtest.xml"</Value>
				</NamedMeasurement>
				<Measurement>
					<Value>-- run_test.py: extra environment variables to append:
 - LD_LIBRARY_PATH+=/home/jetson/code/cv_bridge_ws/build/image_geometry
-- run_test.py: invoking following command in '/home/jetson/code/cv_bridge_ws/build/image_geometry/test':
 - /home/jetson/code/cv_bridge_ws/build/image_geometry/test/image_geometry-utest-equi --gtest_output=xml:/home/jetson/code/cv_bridge_ws/build/image_geometry/test_results/image_geometry/image_geometry-utest-equi.gtest.xml
[==========] Running 6 tests from 1 test case.
[----------] Global test environment set-up.
[----------] 6 tests from EquidistantTest
[ RUN      ] EquidistantTest.accessorsCorrect
[       OK ] EquidistantTest.accessorsCorrect (1 ms)
[ RUN      ] EquidistantTest.projectPoint
[       OK ] EquidistantTest.projectPoint (2 ms)
[ RUN      ] EquidistantTest.rectifyPoint
[       OK ] EquidistantTest.rectifyPoint (992 ms)
[ RUN      ] EquidistantTest.getDeltas
[       OK ] EquidistantTest.getDeltas (0 ms)
[ RUN      ] EquidistantTest.initialization
[       OK ] EquidistantTest.initialization (0 ms)
[ RUN      ] EquidistantTest.rectifyIfCalibrated
[       OK ] EquidistantTest.rectifyIfCalibrated (338 ms)
[----------] 6 tests from EquidistantTest (1354 ms total)

[----------] Global test environment tear-down
[==========] 6 tests from 1 test case ran. (1358 ms total)
[  PASSED  ] 6 tests.
-- run_test.py: return code 0
-- run_test.py: inject classname prefix into gtest result file '/home/jetson/code/cv_bridge_ws/build/image_geometry/test_results/image_geometry/image_geometry-utest-equi.gtest.xml'
-- run_test.py: verify result file '/home/jetson/code/cv_bridge_ws/build/image_geometry/test_results/image_geometry/image_geometry-utest-equi.gtest.xml'
</Value>
				</Measurement>
			</Results>
			<Labels>
				<Label>gtest</Label>
			</Labels>
		</Test>
		<EndDateTime>Mar 25 11:49 CET</EndDateTime>
		<EndTestTime>1742899783</EndTestTime>
		<ElapsedMinutes>0</ElapsedMinutes>
	</Testing>
</Site>
