Start testing: Mar 25 11:49 CET
----------------------------------------------------------
1/2 Testing: image_geometry-utest
1/2 Test: image_geometry-utest
Command: "/usr/bin/python3" "-u" "/opt/ros/foxy/share/ament_cmake_test/cmake/run_test.py" "/home/jetson/code/cv_bridge_ws/build/image_geometry/test_results/image_geometry/image_geometry-utest.gtest.xml" "--package-name" "image_geometry" "--output-file" "/home/jetson/code/cv_bridge_ws/build/image_geometry/ament_cmake_gtest/image_geometry-utest.txt" "--append-env" "LD_LIBRARY_PATH=/home/jetson/code/cv_bridge_ws/build/image_geometry" "--command" "/home/jetson/code/cv_bridge_ws/build/image_geometry/test/image_geometry-utest" "--gtest_output=xml:/home/jetson/code/cv_bridge_ws/build/image_geometry/test_results/image_geometry/image_geometry-utest.gtest.xml"
Directory: /home/jetson/code/cv_bridge_ws/build/image_geometry/test
"image_geometry-utest" start time: Mar 25 11:49 CET
Output:
----------------------------------------------------------
-- run_test.py: extra environment variables to append:
 - LD_LIBRARY_PATH+=/home/jetson/code/cv_bridge_ws/build/image_geometry
-- run_test.py: invoking following command in '/home/jetson/code/cv_bridge_ws/build/image_geometry/test':
 - /home/jetson/code/cv_bridge_ws/build/image_geometry/test/image_geometry-utest --gtest_output=xml:/home/jetson/code/cv_bridge_ws/build/image_geometry/test_results/image_geometry/image_geometry-utest.gtest.xml
[==========] Running 12 tests from 1 test case.
[----------] Global test environment set-up.
[----------] 12 tests from PinholeTest
[ RUN      ] PinholeTest.accessorsCorrect
[       OK ] PinholeTest.accessorsCorrect (0 ms)
[ RUN      ] PinholeTest.projectPoint
[       OK ] PinholeTest.projectPoint (2 ms)
[ RUN      ] PinholeTest.rectifyPoint
[       OK ] PinholeTest.rectifyPoint (516 ms)
[ RUN      ] PinholeTest.getDeltas
[       OK ] PinholeTest.getDeltas (0 ms)
[ RUN      ] PinholeTest.initialization
[       OK ] PinholeTest.initialization (0 ms)
[ RUN      ] PinholeTest.rectifyIfCalibrated
[       OK ] PinholeTest.rectifyIfCalibrated (85 ms)
[ RUN      ] PinholeTest.unrectifyImage
[       OK ] PinholeTest.unrectifyImage (13810 ms)
[ RUN      ] PinholeTest.unrectifyImageWithBinning
[       OK ] PinholeTest.unrectifyImageWithBinning (4332 ms)
[ RUN      ] PinholeTest.unrectifyImageWithRoi
[       OK ] PinholeTest.unrectifyImageWithRoi (6044 ms)
[ RUN      ] PinholeTest.unrectifyImageWithBinningAndRoi
[       OK ] PinholeTest.unrectifyImageWithBinningAndRoi (2426 ms)
[ RUN      ] PinholeTest.rectifiedRoiSize
[       OK ] PinholeTest.rectifiedRoiSize (0 ms)
[ RUN      ] PinholeTest.rectifiedRoiCaching
[       OK ] PinholeTest.rectifiedRoiCaching (0 ms)
[----------] 12 tests from PinholeTest (27251 ms total)

[----------] Global test environment tear-down
[==========] 12 tests from 1 test case ran. (27251 ms total)
[  PASSED  ] 12 tests.
-- run_test.py: return code 0
-- run_test.py: inject classname prefix into gtest result file '/home/jetson/code/cv_bridge_ws/build/image_geometry/test_results/image_geometry/image_geometry-utest.gtest.xml'
-- run_test.py: verify result file '/home/jetson/code/cv_bridge_ws/build/image_geometry/test_results/image_geometry/image_geometry-utest.gtest.xml'
<end of output>
Test time =  28.03 sec
----------------------------------------------------------
Test Passed.
"image_geometry-utest" end time: Mar 25 11:49 CET
"image_geometry-utest" time elapsed: 00:00:28
----------------------------------------------------------

2/2 Testing: image_geometry-utest-equi
2/2 Test: image_geometry-utest-equi
Command: "/usr/bin/python3" "-u" "/opt/ros/foxy/share/ament_cmake_test/cmake/run_test.py" "/home/jetson/code/cv_bridge_ws/build/image_geometry/test_results/image_geometry/image_geometry-utest-equi.gtest.xml" "--package-name" "image_geometry" "--output-file" "/home/jetson/code/cv_bridge_ws/build/image_geometry/ament_cmake_gtest/image_geometry-utest-equi.txt" "--append-env" "LD_LIBRARY_PATH=/home/jetson/code/cv_bridge_ws/build/image_geometry" "--command" "/home/jetson/code/cv_bridge_ws/build/image_geometry/test/image_geometry-utest-equi" "--gtest_output=xml:/home/jetson/code/cv_bridge_ws/build/image_geometry/test_results/image_geometry/image_geometry-utest-equi.gtest.xml"
Directory: /home/jetson/code/cv_bridge_ws/build/image_geometry/test
"image_geometry-utest-equi" start time: Mar 25 11:49 CET
Output:
----------------------------------------------------------
-- run_test.py: extra environment variables to append:
 - LD_LIBRARY_PATH+=/home/jetson/code/cv_bridge_ws/build/image_geometry
-- run_test.py: invoking following command in '/home/jetson/code/cv_bridge_ws/build/image_geometry/test':
 - /home/jetson/code/cv_bridge_ws/build/image_geometry/test/image_geometry-utest-equi --gtest_output=xml:/home/jetson/code/cv_bridge_ws/build/image_geometry/test_results/image_geometry/image_geometry-utest-equi.gtest.xml
[==========] Running 6 tests from 1 test case.
[----------] Global test environment set-up.
[----------] 6 tests from EquidistantTest
[ RUN      ] EquidistantTest.accessorsCorrect
[       OK ] EquidistantTest.accessorsCorrect (1 ms)
[ RUN      ] EquidistantTest.projectPoint
[       OK ] EquidistantTest.projectPoint (2 ms)
[ RUN      ] EquidistantTest.rectifyPoint
[       OK ] EquidistantTest.rectifyPoint (992 ms)
[ RUN      ] EquidistantTest.getDeltas
[       OK ] EquidistantTest.getDeltas (0 ms)
[ RUN      ] EquidistantTest.initialization
[       OK ] EquidistantTest.initialization (0 ms)
[ RUN      ] EquidistantTest.rectifyIfCalibrated
[       OK ] EquidistantTest.rectifyIfCalibrated (338 ms)
[----------] 6 tests from EquidistantTest (1354 ms total)

[----------] Global test environment tear-down
[==========] 6 tests from 1 test case ran. (1358 ms total)
[  PASSED  ] 6 tests.
-- run_test.py: return code 0
-- run_test.py: inject classname prefix into gtest result file '/home/jetson/code/cv_bridge_ws/build/image_geometry/test_results/image_geometry/image_geometry-utest-equi.gtest.xml'
-- run_test.py: verify result file '/home/jetson/code/cv_bridge_ws/build/image_geometry/test_results/image_geometry/image_geometry-utest-equi.gtest.xml'
<end of output>
Test time =   2.15 sec
----------------------------------------------------------
Test Passed.
"image_geometry-utest-equi" end time: Mar 25 11:49 CET
"image_geometry-utest-equi" time elapsed: 00:00:02
----------------------------------------------------------

End testing: Mar 25 11:49 CET

gtest =  30.18 sec*proc

